TypeError: Router.use() requires a middleware function but got a Object
    at Function.use (/var/www/test/node_modules/express/lib/router/index.js:458:13)
    at Function.<anonymous> (/var/www/test/node_modules/express/lib/application.js:220:21)
    at Array.forEach (<anonymous>)
    at Function.use (/var/www/test/node_modules/express/lib/application.js:217:7)
    at Object.<anonymous> (/var/www/test/app.js:41:5)
    at Module._compile (module.js:635:30)
    at Object.Module._extensions..js (module.js:646:10)
    at Module.load (module.js:554:32)
    at tryModuleLoad (module.js:497:12)
    at Function.Module._load (module.js:489:3)
TypeError: Router.use() requires a middleware function but got a Object
    at Function.use (/var/www/test/node_modules/express/lib/router/index.js:458:13)
    at Function.<anonymous> (/var/www/test/node_modules/express/lib/application.js:220:21)
    at Array.forEach (<anonymous>)
    at Function.use (/var/www/test/node_modules/express/lib/application.js:217:7)
    at Object.<anonymous> (/var/www/test/app.js:41:5)
    at Module._compile (module.js:635:30)
    at Object.Module._extensions..js (module.js:646:10)
    at Module.load (module.js:554:32)
    at tryModuleLoad (module.js:497:12)
    at Function.Module._load (module.js:489:3)
TypeError: Router.use() requires a middleware function but got a Object
    at Function.use (/var/www/test/node_modules/express/lib/router/index.js:458:13)
    at Function.<anonymous> (/var/www/test/node_modules/express/lib/application.js:220:21)
    at Array.forEach (<anonymous>)
    at Function.use (/var/www/test/node_modules/express/lib/application.js:217:7)
    at Object.<anonymous> (/var/www/test/app.js:41:5)
    at Module._compile (module.js:635:30)
    at Object.Module._extensions..js (module.js:646:10)
    at Module.load (module.js:554:32)
    at tryModuleLoad (module.js:497:12)
    at Function.Module._load (module.js:489:3)
TypeError: Router.use() requires a middleware function but got a Object
    at Function.use (/var/www/test/node_modules/express/lib/router/index.js:458:13)
    at Function.<anonymous> (/var/www/test/node_modules/express/lib/application.js:220:21)
    at Array.forEach (<anonymous>)
    at Function.use (/var/www/test/node_modules/express/lib/application.js:217:7)
    at Object.<anonymous> (/var/www/test/app.js:41:5)
    at Module._compile (module.js:635:30)
    at Object.Module._extensions..js (module.js:646:10)
    at Module.load (module.js:554:32)
    at tryModuleLoad (module.js:497:12)
    at Function.Module._load (module.js:489:3)
TypeError: Router.use() requires a middleware function but got a Object
    at Function.use (/var/www/test/node_modules/express/lib/router/index.js:458:13)
    at Function.<anonymous> (/var/www/test/node_modules/express/lib/application.js:220:21)
    at Array.forEach (<anonymous>)
    at Function.use (/var/www/test/node_modules/express/lib/application.js:217:7)
    at Object.<anonymous> (/var/www/test/app.js:41:5)
    at Module._compile (module.js:635:30)
    at Object.Module._extensions..js (module.js:646:10)
    at Module.load (module.js:554:32)
    at tryModuleLoad (module.js:497:12)
    at Function.Module._load (module.js:489:3)
TypeError: Router.use() requires a middleware function but got a Object
    at Function.use (/var/www/test/node_modules/express/lib/router/index.js:458:13)
    at Function.<anonymous> (/var/www/test/node_modules/express/lib/application.js:220:21)
    at Array.forEach (<anonymous>)
    at Function.use (/var/www/test/node_modules/express/lib/application.js:217:7)
    at Object.<anonymous> (/var/www/test/app.js:41:5)
    at Module._compile (module.js:635:30)
    at Object.Module._extensions..js (module.js:646:10)
    at Module.load (module.js:554:32)
    at tryModuleLoad (module.js:497:12)
    at Function.Module._load (module.js:489:3)
TypeError: Router.use() requires a middleware function but got a Object
    at Function.use (/var/www/test/node_modules/express/lib/router/index.js:458:13)
    at Function.<anonymous> (/var/www/test/node_modules/express/lib/application.js:220:21)
    at Array.forEach (<anonymous>)
    at Function.use (/var/www/test/node_modules/express/lib/application.js:217:7)
    at Object.<anonymous> (/var/www/test/app.js:41:5)
    at Module._compile (module.js:635:30)
    at Object.Module._extensions..js (module.js:646:10)
    at Module.load (module.js:554:32)
    at tryModuleLoad (module.js:497:12)
    at Function.Module._load (module.js:489:3)
TypeError: Router.use() requires a middleware function but got a Object
    at Function.use (/var/www/test/node_modules/express/lib/router/index.js:458:13)
    at Function.<anonymous> (/var/www/test/node_modules/express/lib/application.js:220:21)
    at Array.forEach (<anonymous>)
    at Function.use (/var/www/test/node_modules/express/lib/application.js:217:7)
    at Object.<anonymous> (/var/www/test/app.js:41:5)
    at Module._compile (module.js:635:30)
    at Object.Module._extensions..js (module.js:646:10)
    at Module.load (module.js:554:32)
    at tryModuleLoad (module.js:497:12)
    at Function.Module._load (module.js:489:3)
TypeError: Router.use() requires a middleware function but got a Object
    at Function.use (/var/www/test/node_modules/express/lib/router/index.js:458:13)
    at Function.<anonymous> (/var/www/test/node_modules/express/lib/application.js:220:21)
    at Array.forEach (<anonymous>)
    at Function.use (/var/www/test/node_modules/express/lib/application.js:217:7)
    at Object.<anonymous> (/var/www/test/app.js:41:5)
    at Module._compile (module.js:635:30)
    at Object.Module._extensions..js (module.js:646:10)
    at Module.load (module.js:554:32)
    at tryModuleLoad (module.js:497:12)
    at Function.Module._load (module.js:489:3)
TypeError: Router.use() requires a middleware function but got a Object
    at Function.use (/var/www/test/node_modules/express/lib/router/index.js:458:13)
    at Function.<anonymous> (/var/www/test/node_modules/express/lib/application.js:220:21)
    at Array.forEach (<anonymous>)
    at Function.use (/var/www/test/node_modules/express/lib/application.js:217:7)
    at Object.<anonymous> (/var/www/test/app.js:41:5)
    at Module._compile (module.js:635:30)
    at Object.Module._extensions..js (module.js:646:10)
    at Module.load (module.js:554:32)
    at tryModuleLoad (module.js:497:12)
    at Function.Module._load (module.js:489:3)
TypeError: Router.use() requires a middleware function but got a Object
    at Function.use (/var/www/test/node_modules/express/lib/router/index.js:458:13)
    at Function.<anonymous> (/var/www/test/node_modules/express/lib/application.js:220:21)
    at Array.forEach (<anonymous>)
    at Function.use (/var/www/test/node_modules/express/lib/application.js:217:7)
    at Object.<anonymous> (/var/www/test/app.js:41:5)
    at Module._compile (module.js:635:30)
    at Object.Module._extensions..js (module.js:646:10)
    at Module.load (module.js:554:32)
    at tryModuleLoad (module.js:497:12)
    at Function.Module._load (module.js:489:3)
TypeError: Router.use() requires a middleware function but got a Object
    at Function.use (/var/www/test/node_modules/express/lib/router/index.js:458:13)
    at Function.<anonymous> (/var/www/test/node_modules/express/lib/application.js:220:21)
    at Array.forEach (<anonymous>)
    at Function.use (/var/www/test/node_modules/express/lib/application.js:217:7)
    at Object.<anonymous> (/var/www/test/app.js:41:5)
    at Module._compile (module.js:635:30)
    at Object.Module._extensions..js (module.js:646:10)
    at Module.load (module.js:554:32)
    at tryModuleLoad (module.js:497:12)
    at Function.Module._load (module.js:489:3)
TypeError: Router.use() requires a middleware function but got a Object
    at Function.use (/var/www/test/node_modules/express/lib/router/index.js:458:13)
    at Function.<anonymous> (/var/www/test/node_modules/express/lib/application.js:220:21)
    at Array.forEach (<anonymous>)
    at Function.use (/var/www/test/node_modules/express/lib/application.js:217:7)
    at Object.<anonymous> (/var/www/test/app.js:41:5)
    at Module._compile (module.js:635:30)
    at Object.Module._extensions..js (module.js:646:10)
    at Module.load (module.js:554:32)
    at tryModuleLoad (module.js:497:12)
    at Function.Module._load (module.js:489:3)
TypeError: Router.use() requires a middleware function but got a Object
    at Function.use (/var/www/test/node_modules/express/lib/router/index.js:458:13)
    at Function.<anonymous> (/var/www/test/node_modules/express/lib/application.js:220:21)
    at Array.forEach (<anonymous>)
    at Function.use (/var/www/test/node_modules/express/lib/application.js:217:7)
    at Object.<anonymous> (/var/www/test/app.js:41:5)
    at Module._compile (module.js:635:30)
    at Object.Module._extensions..js (module.js:646:10)
    at Module.load (module.js:554:32)
    at tryModuleLoad (module.js:497:12)
    at Function.Module._load (module.js:489:3)
TypeError: Router.use() requires a middleware function but got a Object
    at Function.use (/var/www/test/node_modules/express/lib/router/index.js:458:13)
    at Function.<anonymous> (/var/www/test/node_modules/express/lib/application.js:220:21)
    at Array.forEach (<anonymous>)
    at Function.use (/var/www/test/node_modules/express/lib/application.js:217:7)
    at Object.<anonymous> (/var/www/test/app.js:41:5)
    at Module._compile (module.js:635:30)
    at Object.Module._extensions..js (module.js:646:10)
    at Module.load (module.js:554:32)
    at tryModuleLoad (module.js:497:12)
    at Function.Module._load (module.js:489:3)
TypeError: Router.use() requires a middleware function but got a Object
    at Function.use (/var/www/test/node_modules/express/lib/router/index.js:458:13)
    at Function.<anonymous> (/var/www/test/node_modules/express/lib/application.js:220:21)
    at Array.forEach (<anonymous>)
    at Function.use (/var/www/test/node_modules/express/lib/application.js:217:7)
    at Object.<anonymous> (/var/www/test/app.js:41:5)
    at Module._compile (module.js:635:30)
    at Object.Module._extensions..js (module.js:646:10)
    at Module.load (module.js:554:32)
    at tryModuleLoad (module.js:497:12)
    at Function.Module._load (module.js:489:3)
TypeError: Router.use() requires a middleware function but got a Object
    at Function.use (/var/www/test/node_modules/express/lib/router/index.js:458:13)
    at Function.<anonymous> (/var/www/test/node_modules/express/lib/application.js:220:21)
    at Array.forEach (<anonymous>)
    at Function.use (/var/www/test/node_modules/express/lib/application.js:217:7)
    at Object.<anonymous> (/var/www/test/app.js:41:5)
    at Module._compile (module.js:635:30)
    at Object.Module._extensions..js (module.js:646:10)
    at Module.load (module.js:554:32)
    at tryModuleLoad (module.js:497:12)
    at Function.Module._load (module.js:489:3)
TypeError: Router.use() requires a middleware function but got a Object
    at Function.use (/var/www/test/node_modules/express/lib/router/index.js:458:13)
    at Function.<anonymous> (/var/www/test/node_modules/express/lib/application.js:220:21)
    at Array.forEach (<anonymous>)
    at Function.use (/var/www/test/node_modules/express/lib/application.js:217:7)
    at Object.<anonymous> (/var/www/test/app.js:41:5)
    at Module._compile (module.js:635:30)
    at Object.Module._extensions..js (module.js:646:10)
    at Module.load (module.js:554:32)
    at tryModuleLoad (module.js:497:12)
    at Function.Module._load (module.js:489:3)
TypeError: Router.use() requires a middleware function but got a Object
    at Function.use (/var/www/test/node_modules/express/lib/router/index.js:458:13)
    at Function.<anonymous> (/var/www/test/node_modules/express/lib/application.js:220:21)
    at Array.forEach (<anonymous>)
    at Function.use (/var/www/test/node_modules/express/lib/application.js:217:7)
    at Object.<anonymous> (/var/www/test/app.js:41:5)
    at Module._compile (module.js:635:30)
    at Object.Module._extensions..js (module.js:646:10)
    at Module.load (module.js:554:32)
    at tryModuleLoad (module.js:497:12)
    at Function.Module._load (module.js:489:3)
TypeError: Router.use() requires a middleware function but got a Object
    at Function.use (/var/www/test/node_modules/express/lib/router/index.js:458:13)
    at Function.<anonymous> (/var/www/test/node_modules/express/lib/application.js:220:21)
    at Array.forEach (<anonymous>)
    at Function.use (/var/www/test/node_modules/express/lib/application.js:217:7)
    at Object.<anonymous> (/var/www/test/app.js:41:5)
    at Module._compile (module.js:635:30)
    at Object.Module._extensions..js (module.js:646:10)
    at Module.load (module.js:554:32)
    at tryModuleLoad (module.js:497:12)
    at Function.Module._load (module.js:489:3)
TypeError: Router.use() requires a middleware function but got a Object
    at Function.use (/var/www/test/node_modules/express/lib/router/index.js:458:13)
    at Function.<anonymous> (/var/www/test/node_modules/express/lib/application.js:220:21)
    at Array.forEach (<anonymous>)
    at Function.use (/var/www/test/node_modules/express/lib/application.js:217:7)
    at Object.<anonymous> (/var/www/test/app.js:41:5)
    at Module._compile (module.js:635:30)
    at Object.Module._extensions..js (module.js:646:10)
    at Module.load (module.js:554:32)
    at tryModuleLoad (module.js:497:12)
    at Function.Module._load (module.js:489:3)
TypeError: Router.use() requires a middleware function but got a Object
    at Function.use (/var/www/test/node_modules/express/lib/router/index.js:458:13)
    at Function.<anonymous> (/var/www/test/node_modules/express/lib/application.js:220:21)
    at Array.forEach (<anonymous>)
    at Function.use (/var/www/test/node_modules/express/lib/application.js:217:7)
    at Object.<anonymous> (/var/www/test/app.js:41:5)
    at Module._compile (module.js:635:30)
    at Object.Module._extensions..js (module.js:646:10)
    at Module.load (module.js:554:32)
    at tryModuleLoad (module.js:497:12)
    at Function.Module._load (module.js:489:3)
TypeError: Router.use() requires a middleware function but got a Object
    at Function.use (/var/www/test/node_modules/express/lib/router/index.js:458:13)
    at Function.<anonymous> (/var/www/test/node_modules/express/lib/application.js:220:21)
    at Array.forEach (<anonymous>)
    at Function.use (/var/www/test/node_modules/express/lib/application.js:217:7)
    at Object.<anonymous> (/var/www/test/app.js:41:5)
    at Module._compile (module.js:635:30)
    at Object.Module._extensions..js (module.js:646:10)
    at Module.load (module.js:554:32)
    at tryModuleLoad (module.js:497:12)
    at Function.Module._load (module.js:489:3)
TypeError: Router.use() requires a middleware function but got a Object
    at Function.use (/var/www/test/node_modules/express/lib/router/index.js:458:13)
    at Function.<anonymous> (/var/www/test/node_modules/express/lib/application.js:220:21)
    at Array.forEach (<anonymous>)
    at Function.use (/var/www/test/node_modules/express/lib/application.js:217:7)
    at Object.<anonymous> (/var/www/test/app.js:41:5)
    at Module._compile (module.js:635:30)
    at Object.Module._extensions..js (module.js:646:10)
    at Module.load (module.js:554:32)
    at tryModuleLoad (module.js:497:12)
    at Function.Module._load (module.js:489:3)
TypeError: Router.use() requires a middleware function but got a Object
    at Function.use (/var/www/test/node_modules/express/lib/router/index.js:458:13)
    at Function.<anonymous> (/var/www/test/node_modules/express/lib/application.js:220:21)
    at Array.forEach (<anonymous>)
    at Function.use (/var/www/test/node_modules/express/lib/application.js:217:7)
    at Object.<anonymous> (/var/www/test/app.js:41:5)
    at Module._compile (module.js:635:30)
    at Object.Module._extensions..js (module.js:646:10)
    at Module.load (module.js:554:32)
    at tryModuleLoad (module.js:497:12)
    at Function.Module._load (module.js:489:3)
TypeError: Router.use() requires a middleware function but got a Object
    at Function.use (/var/www/test/node_modules/express/lib/router/index.js:458:13)
    at Function.<anonymous> (/var/www/test/node_modules/express/lib/application.js:220:21)
    at Array.forEach (<anonymous>)
    at Function.use (/var/www/test/node_modules/express/lib/application.js:217:7)
    at Object.<anonymous> (/var/www/test/app.js:41:5)
    at Module._compile (module.js:635:30)
    at Object.Module._extensions..js (module.js:646:10)
    at Module.load (module.js:554:32)
    at tryModuleLoad (module.js:497:12)
    at Function.Module._load (module.js:489:3)
TypeError: Router.use() requires a middleware function but got a Object
    at Function.use (/var/www/test/node_modules/express/lib/router/index.js:458:13)
    at Function.<anonymous> (/var/www/test/node_modules/express/lib/application.js:220:21)
    at Array.forEach (<anonymous>)
    at Function.use (/var/www/test/node_modules/express/lib/application.js:217:7)
    at Object.<anonymous> (/var/www/test/app.js:41:5)
    at Module._compile (module.js:635:30)
    at Object.Module._extensions..js (module.js:646:10)
    at Module.load (module.js:554:32)
    at tryModuleLoad (module.js:497:12)
    at Function.Module._load (module.js:489:3)
TypeError: Router.use() requires a middleware function but got a Object
    at Function.use (/var/www/test/node_modules/express/lib/router/index.js:458:13)
    at Function.<anonymous> (/var/www/test/node_modules/express/lib/application.js:220:21)
    at Array.forEach (<anonymous>)
    at Function.use (/var/www/test/node_modules/express/lib/application.js:217:7)
    at Object.<anonymous> (/var/www/test/app.js:41:5)
    at Module._compile (module.js:635:30)
    at Object.Module._extensions..js (module.js:646:10)
    at Module.load (module.js:554:32)
    at tryModuleLoad (module.js:497:12)
    at Function.Module._load (module.js:489:3)
TypeError: Router.use() requires a middleware function but got a Object
    at Function.use (/var/www/test/node_modules/express/lib/router/index.js:458:13)
    at Function.<anonymous> (/var/www/test/node_modules/express/lib/application.js:220:21)
    at Array.forEach (<anonymous>)
    at Function.use (/var/www/test/node_modules/express/lib/application.js:217:7)
    at Object.<anonymous> (/var/www/test/app.js:41:5)
    at Module._compile (module.js:635:30)
    at Object.Module._extensions..js (module.js:646:10)
    at Module.load (module.js:554:32)
    at tryModuleLoad (module.js:497:12)
    at Function.Module._load (module.js:489:3)
TypeError: Router.use() requires a middleware function but got a Object
    at Function.use (/var/www/test/node_modules/express/lib/router/index.js:458:13)
    at Function.<anonymous> (/var/www/test/node_modules/express/lib/application.js:220:21)
    at Array.forEach (<anonymous>)
    at Function.use (/var/www/test/node_modules/express/lib/application.js:217:7)
    at Object.<anonymous> (/var/www/test/app.js:41:5)
    at Module._compile (module.js:635:30)
    at Object.Module._extensions..js (module.js:646:10)
    at Module.load (module.js:554:32)
    at tryModuleLoad (module.js:497:12)
    at Function.Module._load (module.js:489:3)
TypeError: Router.use() requires a middleware function but got a Object
    at Function.use (/var/www/test/node_modules/express/lib/router/index.js:458:13)
    at Function.<anonymous> (/var/www/test/node_modules/express/lib/application.js:220:21)
    at Array.forEach (<anonymous>)
    at Function.use (/var/www/test/node_modules/express/lib/application.js:217:7)
    at Object.<anonymous> (/var/www/test/app.js:41:5)
    at Module._compile (module.js:635:30)
    at Object.Module._extensions..js (module.js:646:10)
    at Module.load (module.js:554:32)
    at tryModuleLoad (module.js:497:12)
    at Function.Module._load (module.js:489:3)
TypeError: Router.use() requires a middleware function but got a Object
    at Function.use (/var/www/test/node_modules/express/lib/router/index.js:458:13)
    at Function.<anonymous> (/var/www/test/node_modules/express/lib/application.js:220:21)
    at Array.forEach (<anonymous>)
    at Function.use (/var/www/test/node_modules/express/lib/application.js:217:7)
    at Object.<anonymous> (/var/www/test/app.js:41:5)
    at Module._compile (module.js:635:30)
    at Object.Module._extensions..js (module.js:646:10)
    at Module.load (module.js:554:32)
    at tryModuleLoad (module.js:497:12)
    at Function.Module._load (module.js:489:3)
TypeError: Router.use() requires a middleware function but got a Object
    at Function.use (/var/www/test/node_modules/express/lib/router/index.js:458:13)
    at Function.<anonymous> (/var/www/test/node_modules/express/lib/application.js:220:21)
    at Array.forEach (<anonymous>)
    at Function.use (/var/www/test/node_modules/express/lib/application.js:217:7)
    at Object.<anonymous> (/var/www/test/app.js:41:5)
    at Module._compile (module.js:635:30)
    at Object.Module._extensions..js (module.js:646:10)
    at Module.load (module.js:554:32)
    at tryModuleLoad (module.js:497:12)
    at Function.Module._load (module.js:489:3)
TypeError: Router.use() requires a middleware function but got a Object
    at Function.use (/var/www/test/node_modules/express/lib/router/index.js:458:13)
    at Function.<anonymous> (/var/www/test/node_modules/express/lib/application.js:220:21)
    at Array.forEach (<anonymous>)
    at Function.use (/var/www/test/node_modules/express/lib/application.js:217:7)
    at Object.<anonymous> (/var/www/test/app.js:41:5)
    at Module._compile (module.js:635:30)
    at Object.Module._extensions..js (module.js:646:10)
    at Module.load (module.js:554:32)
    at tryModuleLoad (module.js:497:12)
    at Function.Module._load (module.js:489:3)
TypeError: Router.use() requires a middleware function but got a Object
    at Function.use (/var/www/test/node_modules/express/lib/router/index.js:458:13)
    at Function.<anonymous> (/var/www/test/node_modules/express/lib/application.js:220:21)
    at Array.forEach (<anonymous>)
    at Function.use (/var/www/test/node_modules/express/lib/application.js:217:7)
    at Object.<anonymous> (/var/www/test/app.js:41:5)
    at Module._compile (module.js:635:30)
    at Object.Module._extensions..js (module.js:646:10)
    at Module.load (module.js:554:32)
    at tryModuleLoad (module.js:497:12)
    at Function.Module._load (module.js:489:3)
TypeError: Router.use() requires a middleware function but got a Object
    at Function.use (/var/www/test/node_modules/express/lib/router/index.js:458:13)
    at Function.<anonymous> (/var/www/test/node_modules/express/lib/application.js:220:21)
    at Array.forEach (<anonymous>)
    at Function.use (/var/www/test/node_modules/express/lib/application.js:217:7)
    at Object.<anonymous> (/var/www/test/app.js:41:5)
    at Module._compile (module.js:635:30)
    at Object.Module._extensions..js (module.js:646:10)
    at Module.load (module.js:554:32)
    at tryModuleLoad (module.js:497:12)
    at Function.Module._load (module.js:489:3)
TypeError: Router.use() requires a middleware function but got a Object
    at Function.use (/var/www/test/node_modules/express/lib/router/index.js:458:13)
    at Function.<anonymous> (/var/www/test/node_modules/express/lib/application.js:220:21)
    at Array.forEach (<anonymous>)
    at Function.use (/var/www/test/node_modules/express/lib/application.js:217:7)
    at Object.<anonymous> (/var/www/test/app.js:41:5)
    at Module._compile (module.js:635:30)
    at Object.Module._extensions..js (module.js:646:10)
    at Module.load (module.js:554:32)
    at tryModuleLoad (module.js:497:12)
    at Function.Module._load (module.js:489:3)
TypeError: Router.use() requires a middleware function but got a Object
    at Function.use (/var/www/test/node_modules/express/lib/router/index.js:458:13)
    at Function.<anonymous> (/var/www/test/node_modules/express/lib/application.js:220:21)
    at Array.forEach (<anonymous>)
    at Function.use (/var/www/test/node_modules/express/lib/application.js:217:7)
    at Object.<anonymous> (/var/www/test/app.js:41:5)
    at Module._compile (module.js:635:30)
    at Object.Module._extensions..js (module.js:646:10)
    at Module.load (module.js:554:32)
    at tryModuleLoad (module.js:497:12)
    at Function.Module._load (module.js:489:3)
